<?xml version="1.0" encoding="UTF-8"?>
<testsuite name="ru.ac.uniyar.testingcourse.bookingsystem.BookingSystemTest" tests="15" skipped="0" failures="0" errors="0" timestamp="2024-02-27T21:33:26" hostname="DESKTOP-3R9B39I" time="0.202">
  <properties/>
  <testcase name="possibleToBookOneInterval()" classname="ru.ac.uniyar.testingcourse.bookingsystem.BookingSystemTest" time="0.081"/>
  <testcase name="impossibleToBookIntervalEarlierThan8am()" classname="ru.ac.uniyar.testingcourse.bookingsystem.BookingSystemTest" time="0.005"/>
  <testcase name="impossibleToCancelIntervalBookedByAnotherUser()" classname="ru.ac.uniyar.testingcourse.bookingsystem.BookingSystemTest" time="0.002"/>
  <testcase name="[1] 10, 12, 14, 17, [10, 11, 14, 15, 16]" classname="ru.ac.uniyar.testingcourse.bookingsystem.BookingSystemTest" time="0.023"/>
  <testcase name="[2] 10, 12, 12, 14, [10, 11, 12, 13]" classname="ru.ac.uniyar.testingcourse.bookingsystem.BookingSystemTest" time="0.001"/>
  <testcase name="impossibleToBookIntervalLaterThan8pm()" classname="ru.ac.uniyar.testingcourse.bookingsystem.BookingSystemTest" time="0.002"/>
  <testcase name="impossibleToBookCrossingIntervals()" classname="ru.ac.uniyar.testingcourse.bookingsystem.BookingSystemTest" time="0.001"/>
  <testcase name="impossibleToCancelIntervalContainingBookedAndCancelledSubintervals()" classname="ru.ac.uniyar.testingcourse.bookingsystem.BookingSystemTest" time="0.002"/>
  <testcase name="possibleToCancelPreviouslyBookedInterval()" classname="ru.ac.uniyar.testingcourse.bookingsystem.BookingSystemTest" time="0.001"/>
  <testcase name="possibleToCancelPreviouslyBookedIntervalPartially()" classname="ru.ac.uniyar.testingcourse.bookingsystem.BookingSystemTest" time="0.001"/>
  <testcase name="bookedHoursListShouldBeEmptyAfterCreation()" classname="ru.ac.uniyar.testingcourse.bookingsystem.BookingSystemTest" time="0.001"/>
  <testcase name="impossibleToCancelNotPreviouslyBookedInterval()" classname="ru.ac.uniyar.testingcourse.bookingsystem.BookingSystemTest" time="0.002"/>
  <testcase name="[1] 4, 7" classname="ru.ac.uniyar.testingcourse.bookingsystem.BookingSystemTest" time="0.004"/>
  <testcase name="[2] 20, 22" classname="ru.ac.uniyar.testingcourse.bookingsystem.BookingSystemTest" time="0.001"/>
  <testcase name="impossibleToCancelIntervalBeyondBoundaries()" classname="ru.ac.uniyar.testingcourse.bookingsystem.BookingSystemTest" time="0.001"/>
  <system-out><![CDATA[]]></system-out>
  <system-err><![CDATA[]]></system-err>
</testsuite>
